<?xml version="1.0" encoding="UTF-8"?>
<testsuite xmlns:xsi="http://www.w3.org/2001/XMLSchema-instance" xsi:noNamespaceSchemaLocation="https://maven.apache.org/surefire/maven-surefire-plugin/xsd/surefire-test-report.xsd" version="3.0.2" name="com.email.writer.EmailWriterSbApplicationTests" time="9.104" tests="1" errors="0" skipped="0" failures="0">
  <properties>
[...]
</properties>
  <testcase name="contextLoads" classname="com.email.writer.EmailWriterSbApplicationTests" time="1.895">
    <system-out><![CDATA[16:42:28.405 [main] INFO org.springframework.test.context.support.AnnotationConfigContextLoaderUtils -- Could not detect default configuration classes for test class [com.email.writer.EmailWriterSbApplicationTests]: EmailWriterSbApplicationTests does not declare any static, non-private, non-final, nested classes annotated with @Configuration.
16:42:28.773 [main] INFO org.springframework.boot.test.context.SpringBootTestContextBootstrapper -- Found @SpringBootConfiguration com.email.writer.EmailWriterSbApplication for test class com.email.writer.EmailWriterSbApplicationTests

  .   ____          _            __ _ _
 /\\ / ___'_ __ _ _(_)_ __  __ _ \ \ \ \
( ( )\___ | '_ | '_| | '_ \/ _` | \ \ \ \
 \\/  ___)| |_)| | | | | || (_| |  ) ) ) )
  '  |____| .__|_| |_|_| |_\__, | / / / /
 =========|_|==============|___/=/_/_/_/

 :: Spring Boot ::                (v3.4.3)

2025-03-07T16:42:30.475+05:30  INFO 7736 --- [email-writer-sb] [           main] c.e.w.EmailWriterSbApplicationTests      : Starting EmailWriterSbApplicationTests using Java 21.0.5 with PID 7736 (started by admin in C:\Users\admin\Documents\Email project\email-writer-sb)
2025-03-07T16:42:30.479+05:30  INFO 7736 --- [email-writer-sb] [           main] c.e.w.EmailWriterSbApplicationTests      : No active profile set, falling back to 1 default profile: "default"
2025-03-07T16:42:35.019+05:30  INFO 7736 --- [email-writer-sb] [           main] c.e.w.EmailWriterSbApplicationTests      : Started EmailWriterSbApplicationTests in 5.786 seconds (process running for 8.785)
]]></system-out>
    <system-err><![CDATA[Mockito is currently self-attaching to enable the inline-mock-maker. This will no longer work in future releases of the JDK. Please add Mockito as an agent to your build what is described in Mockito's documentation: https://javadoc.io/doc/org.mockito/mockito-core/latest/org/mockito/Mockito.html#0.3
WARNING: A Java agent has been loaded dynamically (C:\Users\admin\.m2\repository\net\bytebuddy\byte-buddy-agent\1.15.11\byte-buddy-agent-1.15.11.jar)
WARNING: If a serviceability tool is in use, please run with -XX:+EnableDynamicAgentLoading to hide this warning
WARNING: If a serviceability tool is not in use, please run with -Djdk.instrument.traceUsage for more information
WARNING: Dynamic loading of agents will be disallowed by default in a future release
]]></system-err>
  </testcase>
</testsuite>